/usr/bin/firefox: 12: xdg-settings: not found
update.go:85: cannot change mount namespace according to change mount (/var/lib/snapd/hostfs/usr/local/share/doc /usr/local/share/doc none bind,ro 0 0): cannot write to "/var/lib/snapd/hostfs/usr/local/share/doc" because it would affect the host in "/var/lib/snapd"
update.go:85: cannot change mount namespace according to change mount (/var/lib/snapd/hostfs/usr/share/cups/doc-root /usr/share/cups/doc-root none bind,ro 0 0): cannot write to "/var/lib/snapd/hostfs/usr/share/cups/doc-root" because it would affect the host in "/var/lib/snapd"
update.go:85: cannot change mount namespace according to change mount (/var/lib/snapd/hostfs/usr/share/gimp/2.0/help /usr/share/gimp/2.0/help none bind,ro 0 0): cannot write to "/var/lib/snapd/hostfs/usr/share/gimp/2.0/help" because it would affect the host in "/var/lib/snapd"
update.go:85: cannot change mount namespace according to change mount (/var/lib/snapd/hostfs/usr/share/gtk-doc /usr/share/gtk-doc none bind,ro 0 0): cannot write to "/var/lib/snapd/hostfs/usr/share/gtk-doc" because it would affect the host in "/var/lib/snapd"
update.go:85: cannot change mount namespace according to change mount (/var/lib/snapd/hostfs/usr/share/javascript /usr/share/javascript none bind,ro 0 0): cannot write to "/var/lib/snapd/hostfs/usr/share/javascript" because it would affect the host in "/var/lib/snapd"
update.go:85: cannot change mount namespace according to change mount (/var/lib/snapd/hostfs/usr/share/libreoffice/help /usr/share/libreoffice/help none bind,ro 0 0): cannot write to "/var/lib/snapd/hostfs/usr/share/libreoffice/help" because it would affect the host in "/var/lib/snapd"
update.go:85: cannot change mount namespace according to change mount (/var/lib/snapd/hostfs/usr/share/sphinx_rtd_theme /usr/share/sphinx_rtd_theme none bind,ro 0 0): cannot write to "/var/lib/snapd/hostfs/usr/share/sphinx_rtd_theme" because it would affect the host in "/var/lib/snapd"
update.go:85: cannot change mount namespace according to change mount (/var/lib/snapd/hostfs/usr/share/xubuntu-docs /usr/share/xubuntu-docs none bind,ro 0 0): cannot write to "/var/lib/snapd/hostfs/usr/share/xubuntu-docs" because it would affect the host in "/var/lib/snapd"
[6581] Wayland Proxy [0x7f9f08257680] Error: CheckWaylandDisplay(): Failed to connect to Wayland display '/run/user/1000/snap.firefox/wayland-0' error: No such file or directory
Error: Failed to open Wayland display, fallback to X11. WAYLAND_DISPLAY='wayland-0' DISPLAY=':0'
[Parent 6581, Main Thread] WARNING: Failed to mkdir /home/maxy/snap/firefox/5701/.config/ibus/bus: Not a directory: 'glib warning', file /build/firefox/parts/firefox/build/toolkit/xre/nsSigHandlers.cpp:201

(firefox_firefox:6581): IBUS-WARNING **: 17:20:48.153: Failed to mkdir /home/maxy/snap/firefox/5701/.config/ibus/bus: Not a directory
[GFX1-]: glxtest: Could not connect to wayland display, WAYLAND_DISPLAY=(null)
[GFX1-]: No GPUs detected via PCI

[Parent 6581, Main Thread] WARNING: Failed to call SchemeSupported method: GDBus.Error:org.freedesktop.DBus.Error.ServiceUnknown: The name org.freedesktop.portal.Desktop was not provided by any .service files
: 'glib warning', file /build/firefox/parts/firefox/build/toolkit/xre/nsSigHandlers.cpp:201

** (firefox_firefox:6581): WARNING **: 17:20:49.051: Failed to call SchemeSupported method: GDBus.Error:org.freedesktop.DBus.Error.ServiceUnknown: The name org.freedesktop.portal.Desktop was not provided by any .service files

[Parent 6581, Main Thread] WARNING: Failed to call SchemeSupported method: GDBus.Error:org.freedesktop.DBus.Error.ServiceUnknown: The name org.freedesktop.portal.Desktop was not provided by any .service files
: 'glib warning', file /build/firefox/parts/firefox/build/toolkit/xre/nsSigHandlers.cpp:201

** (firefox_firefox:6581): WARNING **: 17:20:49.120: Failed to call SchemeSupported method: GDBus.Error:org.freedesktop.DBus.Error.ServiceUnknown: The name org.freedesktop.portal.Desktop was not provided by any .service files

